ls -lrt
[00m
[[01;30m10.103.22.30(martiniana)[00m]:[01;37m/media/DELL/nextel.com.mx/soya.git[01;31m [v0.1Stable]
[01;34mandresaquino[00m$> ls -lrt
[00mtotal 81
-rw-r----- 1 andresaquino andresaquino   348 2009-05-13 16:34 [00mbscsix.conf[00m
-rw-r----- 1 andresaquino andresaquino   233 2009-06-23 13:47 [00mscreen.notes[00m
-rw------- 1 andresaquino andresaquino   974 2009-06-26 20:22 [00mscreen.rc[00m
-rw-r----- 1 andresaquino andresaquino   622 2009-06-26 20:22 [00mpackage.start[00m
-rwx------ 1 andresaquino andresaquino   321 2009-06-26 20:22 [01;32mnaming.stop[00m
-rwx------ 1 andresaquino andresaquino   708 2009-06-26 20:22 [01;32mnaming.start[00m
-rwx------ 1 andresaquino andresaquino   364 2009-06-26 20:22 [01;32mff.stop[00m
-rwx------ 1 andresaquino andresaquino   655 2009-06-26 20:22 [01;32mff.start[00m
-rw-r----- 1 andresaquino andresaquino   174 2009-06-26 20:22 [00mcollect.sh[00m
-rw-r----- 1 andresaquino andresaquino   602 2009-06-26 20:22 [00mcms-refresh.set[00m
-rwx------ 1 andresaquino andresaquino   721 2009-06-26 20:22 [01;32mcms.queue[00m
-rwx------ 1 andresaquino andresaquino   616 2009-06-26 20:22 [01;32mcms-logOn.set[00m
-rwx------ 1 andresaquino andresaquino   502 2009-06-26 20:22 [01;32mcms-logOff.set[00m
-rwx------ 1 andresaquino andresaquino   590 2009-06-26 20:22 [01;32mcms1.stop[00m
-rwx------ 1 andresaquino andresaquino   968 2009-06-26 20:22 [01;32mcms1.start[00m
-rwx------ 1 andresaquino andresaquino   288 2009-06-26 20:22 [01;32mbscsix.stop[00m
-rwx------ 1 andresaquino andresaquino   293 2009-06-26 20:22 [01;32mbscsix.start[00m
-rwxr-x--- 1 andresaquino andresaquino   578 2009-06-26 20:22 [01;32mbill-logon.set[00m
-rwxr-x--- 1 andresaquino andresaquino   579 2009-06-26 20:22 [01;32mbill-logoff.set[00m
-rw-r----- 1 andresaquino andresaquino  1411 2009-06-28 02:11 [00mCHANGELOG[00m
-rw-r----- 1 andresaquino andresaquino  2925 2009-07-02 09:00 [00mnextel.profile[00m
-rwx------ 1 andresaquino andresaquino   717 2009-07-02 18:23 [01;32mbill.stop.sh[00m
-rw------- 1 andresaquino andresaquino   637 2009-07-02 18:23 [00mbill.stop[00m
-rw------- 1 andresaquino andresaquino   579 2009-07-02 18:23 [00mbill.logOn[00m
-rw------- 1 andresaquino andresaquino   581 2009-07-02 18:23 [00mbill.logOff[00m
-rw-r--r-- 1 andresaquino andresaquino 11614 2009-07-02 19:59 [01;35mSOYA.jpg[00m
-rwx------ 1 andresaquino andresaquino   576 2009-07-03 09:11 [01;32mcms.stop.backup[00m
-rwx------ 1 andresaquino andresaquino  1116 2009-07-03 09:11 [01;32mcms.stats[00m
-rwx------ 1 andresaquino andresaquino   954 2009-07-03 09:11 [01;32mcms.statistics[00m
-rwx------ 1 andresaquino andresaquino   985 2009-07-03 09:11 [01;32mcms.start.backup[00m
-rwx------ 1 andresaquino andresaquino  1092 2009-07-03 09:14 [01;32mcx.start[00m
-rwxr-x--- 1 andresaquino andresaquino  1055 2009-07-03 09:14 [01;32mcms.start[00m
-rwx------ 1 andresaquino andresaquino   681 2009-07-03 09:14 [01;32mcms.stop[00m
-rwx------ 1 andresaquino andresaquino   685 2009-07-03 09:15 [01;32mcx.stop[00m
-rw-r----- 1 andresaquino andresaquino   658 2009-07-03 17:33 [00mREADME[00m
-rw------- 1 andresaquino andresaquino   958 2009-07-04 18:55 [00mbill.start[00m
lrwxrwxrwx 1 andresaquino andresaquino     7 2009-07-04 21:06 [01;36mmycms.start[00m -> [00msoya.sh[00m
lrwxrwxrwx 1 andresaquino andresaquino     7 2009-07-04 21:06 [01;36mmycms.stop[00m -> [00msoya.sh[00m
drwxr-x--- 3 andresaquino andresaquino  1024 2009-07-04 21:06 [01;34mmycms[00m
-rw-r----- 1 andresaquino andresaquino   399 2009-07-04 21:07 [00msoya.conf[00m
-rw-r----- 1 andresaquino andresaquino   228 2009-07-04 21:07 [00mmycms.log[00m
-rw------- 1 andresaquino andresaquino  9906 2009-07-04 21:12 [00mlibutils.sh[00m
lrwxrwxrwx 1 andresaquino andresaquino     7 2009-07-04 21:17 [01;36mttd1.start[00m -> [00msoya.sh[00m
lrwxrwxrwx 1 andresaquino andresaquino     7 2009-07-04 21:36 [01;36mttd1.stop[00m -> [00msoya.sh[00m
-rw-r----- 1 andresaquino andresaquino    30 2009-07-04 21:41 [00mttd1.conf[00m
-rw-r----- 1 andresaquino andresaquino  2315 2009-07-04 21:43 [00msoya.sh[00m
lrwxrwxrwx 1 andresaquino andresaquino     7 2009-07-04 21:46 [01;36mttd2.start[00m -> [00msoya.sh[00m
lrwxrwxrwx 1 andresaquino andresaquino     7 2009-07-04 21:46 [01;36mttd2.stop[00m -> [00msoya.sh[00m
-rw-r----- 1 andresaquino andresaquino    30 2009-07-04 21:46 [00mttd2.conf[00m
-rw-r----- 1 andresaquino andresaquino  9166 2009-07-04 21:46 [00mscreenlog.0[00m
drwxr-x--- 3 andresaquino andresaquino  1024 2009-07-04 21:46 [01;34mlog[00m
[m[00m
[[01;30m10.103.22.30(martiniana)[00m]:[01;37m/media/DELL/nextel.com.mx/soya.git[01;31m [v0.1Stable]
[01;34mandresaquino[00m$> 